<?xml version="1.0" encoding="UTF-8"?>
<!-- Generated by org.testng.reporters.JUnitXMLReporter -->
<testsuite ignored="0" hostname="SATYAPC" failures="0" tests="3" name="Default test" time="130.726" errors="0" timestamp="2025-12-02T12:22:35 IST">
  <testcase classname="com.fleapo.conduit.Test.RegisterUsersFromExcelTest" name="registerUsersUsingExcel" time="40.64"/>
  <testcase classname="com.fleapo.conduit.Test.RegisterUsersFromExcelTest" name="registerUsersUsingExcel" time="40.092"/>
  <testcase classname="com.fleapo.conduit.Test.RegisterUsersFromExcelTest" name="registerUsersUsingExcel" time="40.652"/>
</testsuite> <!-- Default test -->
