<?xml version="1.0" encoding="UTF-8"?>
<!-- Generated by org.testng.reporters.JUnitXMLReporter -->
<testsuite ignored="0" hostname="SATYAPC" failures="0" tests="9" name="Conduit Tests - Chrome" time="196.454" errors="0" timestamp="2025-12-02T12:33:15 IST">
  <testcase classname="com.fleapo.conduit.Test.RegisterSingleUserTest" name="registerSingleUserUsingDataProvider" time="8.233"/>
  <testcase classname="com.fleapo.conduit.Test.RegisterUsersFromExcelTest" name="registerUsersUsingExcel" time="39.27"/>
  <testcase classname="com.fleapo.conduit.Test.RegisterUsersFromExcelTest" name="registerUsersUsingExcel" time="38.378"/>
  <testcase classname="com.fleapo.conduit.Test.RegisterUsersFromExcelTest" name="registerUsersUsingExcel" time="39.233"/>
  <testcase classname="com.fleapo.conduit.Test.LoginUsersFromExcelTest" name="loginFlowTest" time="7.634"/>
  <testcase classname="com.fleapo.conduit.Test.LoginUsersFromExcelTest" name="loginFlowTest" time="7.584"/>
  <testcase classname="com.fleapo.conduit.Test.LoginUsersFromExcelTest" name="loginFlowTest" time="6.99"/>
  <testcase classname="com.fleapo.conduit.Test.CreateArticleTest" name="createArticleFlow" time="13.395"/>
  <testcase classname="com.fleapo.conduit.Test.GlobalFeedArticleTest" name="verifyGlobalFeedArticle" time="8.158"/>
</testsuite> <!-- Conduit Tests - Chrome -->
