<?xml version="1.0" encoding="UTF-8"?>
<testng-results ignored="0" total="9" passed="6" failed="3" skipped="0">
  <reporter-output>
  </reporter-output>
  <suite started-at="2025-12-02T11:57:28 IST" name="Conduit Automation Suite" finished-at="2025-12-02T12:00:10 IST" duration-ms="162209">
    <groups>
    </groups>
    <test started-at="2025-12-02T11:57:28 IST" name="Conduit Tests - Chrome" finished-at="2025-12-02T12:00:10 IST" duration-ms="162209">
      <class name="com.fleapo.conduit.Test.GlobalFeedArticleTest">
        <test-method is-config="true" signature="setUp()[pri:0, instance:com.fleapo.conduit.Test.GlobalFeedArticleTest@7dcf94f8]" started-at="2025-12-02T11:59:59 IST" name="setUp" finished-at="2025-12-02T12:00:02 IST" duration-ms="2611" status="PASS">
          <reporter-output>
          </reporter-output>
        </test-method> <!-- setUp -->
        <test-method signature="verifyGlobalFeedArticle()[pri:0, instance:com.fleapo.conduit.Test.GlobalFeedArticleTest@7dcf94f8]" started-at="2025-12-02T12:00:02 IST" name="verifyGlobalFeedArticle" finished-at="2025-12-02T12:00:10 IST" duration-ms="7951" status="PASS">
          <reporter-output>
          </reporter-output>
        </test-method> <!-- verifyGlobalFeedArticle -->
        <test-method is-config="true" signature="tearDown()[pri:0, instance:com.fleapo.conduit.Test.GlobalFeedArticleTest@7dcf94f8]" started-at="2025-12-02T12:00:10 IST" name="tearDown" finished-at="2025-12-02T12:00:10 IST" duration-ms="189" status="PASS">
          <reporter-output>
          </reporter-output>
        </test-method> <!-- tearDown -->
      </class> <!-- com.fleapo.conduit.Test.GlobalFeedArticleTest -->
      <class name="com.fleapo.conduit.Test.LoginUsersFromExcelTest">
        <test-method is-config="true" signature="setUp()[pri:0, instance:com.fleapo.conduit.Test.LoginUsersFromExcelTest@682b2fa]" started-at="2025-12-02T11:59:12 IST" name="setUp" finished-at="2025-12-02T11:59:14 IST" duration-ms="2392" status="PASS">
          <reporter-output>
          </reporter-output>
        </test-method> <!-- setUp -->
        <test-method signature="loginFlowTest(java.lang.String,java.lang.String,java.lang.String)[pri:0, instance:com.fleapo.conduit.Test.LoginUsersFromExcelTest@682b2fa]" started-at="2025-12-02T11:59:14 IST" name="loginFlowTest" data-provider="loginExcelData" finished-at="2025-12-02T11:59:22 IST" duration-ms="8116" status="PASS">
          <params>
            <param index="0">
              <value>
                <![CDATA[regTestUser11]]>
              </value>
            </param>
            <param index="1">
              <value>
                <![CDATA[regTestUser11@test.com]]>
              </value>
            </param>
            <param index="2">
              <value>
                <![CDATA[Test!@#1234]]>
              </value>
            </param>
          </params>
          <reporter-output>
          </reporter-output>
        </test-method> <!-- loginFlowTest -->
        <test-method is-config="true" signature="tearDown()[pri:0, instance:com.fleapo.conduit.Test.LoginUsersFromExcelTest@682b2fa]" started-at="2025-12-02T11:59:22 IST" name="tearDown" finished-at="2025-12-02T11:59:23 IST" duration-ms="381" status="PASS">
          <reporter-output>
          </reporter-output>
        </test-method> <!-- tearDown -->
        <test-method is-config="true" signature="setUp()[pri:0, instance:com.fleapo.conduit.Test.LoginUsersFromExcelTest@682b2fa]" started-at="2025-12-02T11:59:23 IST" name="setUp" finished-at="2025-12-02T11:59:25 IST" duration-ms="2383" status="PASS">
          <reporter-output>
          </reporter-output>
        </test-method> <!-- setUp -->
        <test-method signature="loginFlowTest(java.lang.String,java.lang.String,java.lang.String)[pri:0, instance:com.fleapo.conduit.Test.LoginUsersFromExcelTest@682b2fa]" started-at="2025-12-02T11:59:25 IST" name="loginFlowTest" data-provider="loginExcelData" finished-at="2025-12-02T11:59:32 IST" duration-ms="7067" status="PASS">
          <params>
            <param index="0">
              <value>
                <![CDATA[regTestUser12]]>
              </value>
            </param>
            <param index="1">
              <value>
                <![CDATA[regTestUser12@test.com]]>
              </value>
            </param>
            <param index="2">
              <value>
                <![CDATA[Test!@#1234]]>
              </value>
            </param>
          </params>
          <reporter-output>
          </reporter-output>
        </test-method> <!-- loginFlowTest -->
        <test-method is-config="true" signature="tearDown()[pri:0, instance:com.fleapo.conduit.Test.LoginUsersFromExcelTest@682b2fa]" started-at="2025-12-02T11:59:32 IST" name="tearDown" finished-at="2025-12-02T11:59:32 IST" duration-ms="229" status="PASS">
          <reporter-output>
          </reporter-output>
        </test-method> <!-- tearDown -->
        <test-method is-config="true" signature="setUp()[pri:0, instance:com.fleapo.conduit.Test.LoginUsersFromExcelTest@682b2fa]" started-at="2025-12-02T11:59:32 IST" name="setUp" finished-at="2025-12-02T11:59:34 IST" duration-ms="2158" status="PASS">
          <reporter-output>
          </reporter-output>
        </test-method> <!-- setUp -->
        <test-method signature="loginFlowTest(java.lang.String,java.lang.String,java.lang.String)[pri:0, instance:com.fleapo.conduit.Test.LoginUsersFromExcelTest@682b2fa]" started-at="2025-12-02T11:59:34 IST" name="loginFlowTest" data-provider="loginExcelData" finished-at="2025-12-02T11:59:42 IST" duration-ms="7768" status="PASS">
          <params>
            <param index="0">
              <value>
                <![CDATA[regTestUser13]]>
              </value>
            </param>
            <param index="1">
              <value>
                <![CDATA[regTestUser13@test.com]]>
              </value>
            </param>
            <param index="2">
              <value>
                <![CDATA[Test!@#1234]]>
              </value>
            </param>
          </params>
          <reporter-output>
          </reporter-output>
        </test-method> <!-- loginFlowTest -->
        <test-method is-config="true" signature="tearDown()[pri:0, instance:com.fleapo.conduit.Test.LoginUsersFromExcelTest@682b2fa]" started-at="2025-12-02T11:59:42 IST" name="tearDown" finished-at="2025-12-02T11:59:43 IST" duration-ms="412" status="PASS">
          <reporter-output>
          </reporter-output>
        </test-method> <!-- tearDown -->
      </class> <!-- com.fleapo.conduit.Test.LoginUsersFromExcelTest -->
      <class name="com.fleapo.conduit.Test.RegisterUsersFromExcelTest">
        <test-method is-config="true" signature="setUp()[pri:0, instance:com.fleapo.conduit.Test.RegisterUsersFromExcelTest@139982de]" started-at="2025-12-02T11:57:40 IST" name="setUp" finished-at="2025-12-02T11:57:42 IST" duration-ms="2494" status="PASS">
          <reporter-output>
          </reporter-output>
        </test-method> <!-- setUp -->
        <test-method signature="registerUsersUsingExcel(java.lang.String,java.lang.String,java.lang.String)[pri:0, instance:com.fleapo.conduit.Test.RegisterUsersFromExcelTest@139982de]" started-at="2025-12-02T11:57:42 IST" name="registerUsersUsingExcel" data-provider="registerExcelData" finished-at="2025-12-02T11:58:11 IST" duration-ms="28730" status="FAIL">
          <params>
            <param index="0">
              <value>
                <![CDATA[regTestUser11]]>
              </value>
            </param>
            <param index="1">
              <value>
                <![CDATA[regTestUser11@test.com]]>
              </value>
            </param>
            <param index="2">
              <value>
                <![CDATA[Test!@#1234]]>
              </value>
            </param>
          </params>
          <exception class="org.openqa.selenium.NoSuchElementException">
            <message>
              <![CDATA[no such element: Unable to locate element: {"method":"xpath","selector":"//ul[@class='error-messages']/li[contains(text(),'username is too long (maximum is 20 characters)')]"}
  (Session info: chrome=142.0.7444.176)
For documentation on this error, please visit: https://www.selenium.dev/documentation/webdriver/troubleshooting/errors#no-such-element-exception
Build info: version: '4.25.0', revision: '8a8aea2337'
System info: os.name: 'Windows 11', os.arch: 'amd64', os.version: '10.0', java.version: '17.0.15'
Driver info: org.openqa.selenium.chrome.ChromeDriver
Command: [08ee85c269c42a6eb7662148aa82795f, findElement {value=//ul[@class='error-messages']/li[contains(text(),'username is too long (maximum is 20 characters)')], using=xpath}]
Capabilities {acceptInsecureCerts: false, browserName: chrome, browserVersion: 142.0.7444.176, chrome: {chromedriverVersion: 142.0.7444.175 (302067f14a4..., userDataDir: C:\Users\satya\AppData\Loca...}, fedcm:accounts: true, goog:chromeOptions: {debuggerAddress: localhost:62613}, goog:processID: 36044, networkConnectionEnabled: false, pageLoadStrategy: normal, platformName: windows, proxy: Proxy(), se:cdp: ws://localhost:62613/devtoo..., se:cdpVersion: 142.0.7444.176, setWindowRect: true, strictFileInteractability: false, timeouts: {implicit: 0, pageLoad: 300000, script: 30000}, unhandledPromptBehavior: dismiss and notify, webauthn:extension:credBlob: true, webauthn:extension:largeBlob: true, webauthn:extension:minPinLength: true, webauthn:extension:prf: true, webauthn:virtualAuthenticators: true}
Session ID: 08ee85c269c42a6eb7662148aa82795f]]>
            </message>
            <full-stacktrace>
              <![CDATA[org.openqa.selenium.NoSuchElementException: no such element: Unable to locate element: {"method":"xpath","selector":"//ul[@class='error-messages']/li[contains(text(),'username is too long (maximum is 20 characters)')]"}
  (Session info: chrome=142.0.7444.176)
For documentation on this error, please visit: https://www.selenium.dev/documentation/webdriver/troubleshooting/errors#no-such-element-exception
Build info: version: '4.25.0', revision: '8a8aea2337'
System info: os.name: 'Windows 11', os.arch: 'amd64', os.version: '10.0', java.version: '17.0.15'
Driver info: org.openqa.selenium.chrome.ChromeDriver
Command: [08ee85c269c42a6eb7662148aa82795f, findElement {value=//ul[@class='error-messages']/li[contains(text(),'username is too long (maximum is 20 characters)')], using=xpath}]
Capabilities {acceptInsecureCerts: false, browserName: chrome, browserVersion: 142.0.7444.176, chrome: {chromedriverVersion: 142.0.7444.175 (302067f14a4..., userDataDir: C:\Users\satya\AppData\Loca...}, fedcm:accounts: true, goog:chromeOptions: {debuggerAddress: localhost:62613}, goog:processID: 36044, networkConnectionEnabled: false, pageLoadStrategy: normal, platformName: windows, proxy: Proxy(), se:cdp: ws://localhost:62613/devtoo..., se:cdpVersion: 142.0.7444.176, setWindowRect: true, strictFileInteractability: false, timeouts: {implicit: 0, pageLoad: 300000, script: 30000}, unhandledPromptBehavior: dismiss and notify, webauthn:extension:credBlob: true, webauthn:extension:largeBlob: true, webauthn:extension:minPinLength: true, webauthn:extension:prf: true, webauthn:virtualAuthenticators: true}
Session ID: 08ee85c269c42a6eb7662148aa82795f
at java.base/jdk.internal.reflect.NativeConstructorAccessorImpl.newInstance0(Native Method)
at java.base/jdk.internal.reflect.NativeConstructorAccessorImpl.newInstance(NativeConstructorAccessorImpl.java:77)
at java.base/jdk.internal.reflect.DelegatingConstructorAccessorImpl.newInstance(DelegatingConstructorAccessorImpl.java:45)
at java.base/java.lang.reflect.Constructor.newInstanceWithCaller(Constructor.java:499)
at java.base/java.lang.reflect.Constructor.newInstance(Constructor.java:480)
at org.openqa.selenium.remote.ErrorCodec.decode(ErrorCodec.java:167)
at org.openqa.selenium.remote.codec.w3c.W3CHttpResponseCodec.decode(W3CHttpResponseCodec.java:138)
at org.openqa.selenium.remote.codec.w3c.W3CHttpResponseCodec.decode(W3CHttpResponseCodec.java:50)
at org.openqa.selenium.remote.HttpCommandExecutor.execute(HttpCommandExecutor.java:190)
at org.openqa.selenium.remote.service.DriverCommandExecutor.invokeExecute(DriverCommandExecutor.java:216)
at org.openqa.selenium.remote.service.DriverCommandExecutor.execute(DriverCommandExecutor.java:174)
at org.openqa.selenium.remote.RemoteWebDriver.execute(RemoteWebDriver.java:545)
at org.openqa.selenium.remote.ElementLocation$ElementFinder$2.findElement(ElementLocation.java:165)
at org.openqa.selenium.remote.ElementLocation.findElement(ElementLocation.java:59)
at org.openqa.selenium.remote.RemoteWebDriver.findElement(RemoteWebDriver.java:368)
at org.openqa.selenium.remote.RemoteWebDriver.findElement(RemoteWebDriver.java:362)
at com.fleapo.conduit.core.util.ElementUtil.getElement(ElementUtil.java:29)
at com.fleapo.conduit.core.util.ElementUtil.doIsElementDisplayed(ElementUtil.java:83)
at com.fleapo.conduit.pages.RegisterPage.getAnyErrorMessage(RegisterPage.java:81)
at com.fleapo.conduit.pages.RegisterPage.doRegister(RegisterPage.java:52)
at com.fleapo.conduit.Test.RegisterUsersFromExcelTest.registerUsersUsingExcel(RegisterUsersFromExcelTest.java:27)
at java.base/jdk.internal.reflect.NativeMethodAccessorImpl.invoke0(Native Method)
at java.base/jdk.internal.reflect.NativeMethodAccessorImpl.invoke(NativeMethodAccessorImpl.java:77)
at java.base/jdk.internal.reflect.DelegatingMethodAccessorImpl.invoke(DelegatingMethodAccessorImpl.java:43)
at java.base/java.lang.reflect.Method.invoke(Method.java:568)
at org.testng.internal.invokers.MethodInvocationHelper.invokeMethod(MethodInvocationHelper.java:141)
at org.testng.internal.invokers.TestInvoker.invokeMethod(TestInvoker.java:686)
at org.testng.internal.invokers.TestInvoker.invokeTestMethod(TestInvoker.java:230)
at org.testng.internal.invokers.MethodRunner.runInSequence(MethodRunner.java:63)
at org.testng.internal.invokers.TestInvoker$MethodInvocationAgent.invoke(TestInvoker.java:992)
at org.testng.internal.invokers.TestInvoker.invokeTestMethods(TestInvoker.java:203)
at org.testng.internal.invokers.TestMethodWorker.invokeTestMethods(TestMethodWorker.java:154)
at org.testng.internal.invokers.TestMethodWorker.run(TestMethodWorker.java:134)
at java.base/java.util.ArrayList.forEach(ArrayList.java:1511)
at org.testng.TestRunner.privateRun(TestRunner.java:739)
at org.testng.TestRunner.run(TestRunner.java:614)
at org.testng.SuiteRunner.runTest(SuiteRunner.java:421)
at org.testng.SuiteRunner.runSequentially(SuiteRunner.java:413)
at org.testng.SuiteRunner.privateRun(SuiteRunner.java:373)
at org.testng.SuiteRunner.run(SuiteRunner.java:312)
at org.testng.SuiteRunnerWorker.runSuite(SuiteRunnerWorker.java:52)
at org.testng.SuiteRunnerWorker.run(SuiteRunnerWorker.java:95)
at org.testng.TestNG.runSuitesSequentially(TestNG.java:1274)
at org.testng.TestNG.runSuitesLocally(TestNG.java:1208)
at org.testng.TestNG.runSuites(TestNG.java:1112)
at org.testng.TestNG.run(TestNG.java:1079)
at org.testng.remote.AbstractRemoteTestNG.run(AbstractRemoteTestNG.java:115)
at org.testng.remote.RemoteTestNG.initAndRun(RemoteTestNG.java:293)
at org.testng.remote.RemoteTestNG.main(RemoteTestNG.java:91)
]]>
            </full-stacktrace>
          </exception> <!-- org.openqa.selenium.NoSuchElementException -->
          <reporter-output>
          </reporter-output>
        </test-method> <!-- registerUsersUsingExcel -->
        <test-method is-config="true" signature="tearDown()[pri:0, instance:com.fleapo.conduit.Test.RegisterUsersFromExcelTest@139982de]" started-at="2025-12-02T11:58:11 IST" name="tearDown" finished-at="2025-12-02T11:58:11 IST" duration-ms="227" status="PASS">
          <reporter-output>
          </reporter-output>
        </test-method> <!-- tearDown -->
        <test-method is-config="true" signature="setUp()[pri:0, instance:com.fleapo.conduit.Test.RegisterUsersFromExcelTest@139982de]" started-at="2025-12-02T11:58:11 IST" name="setUp" finished-at="2025-12-02T11:58:14 IST" duration-ms="2796" status="PASS">
          <reporter-output>
          </reporter-output>
        </test-method> <!-- setUp -->
        <test-method signature="registerUsersUsingExcel(java.lang.String,java.lang.String,java.lang.String)[pri:0, instance:com.fleapo.conduit.Test.RegisterUsersFromExcelTest@139982de]" started-at="2025-12-02T11:58:14 IST" name="registerUsersUsingExcel" data-provider="registerExcelData" finished-at="2025-12-02T11:58:41 IST" duration-ms="27509" status="FAIL">
          <params>
            <param index="0">
              <value>
                <![CDATA[regTestUser12]]>
              </value>
            </param>
            <param index="1">
              <value>
                <![CDATA[regTestUser12@test.com]]>
              </value>
            </param>
            <param index="2">
              <value>
                <![CDATA[Test!@#1234]]>
              </value>
            </param>
          </params>
          <exception class="org.openqa.selenium.NoSuchElementException">
            <message>
              <![CDATA[no such element: Unable to locate element: {"method":"xpath","selector":"//ul[@class='error-messages']/li[contains(text(),'username is too long (maximum is 20 characters)')]"}
  (Session info: chrome=142.0.7444.176)
For documentation on this error, please visit: https://www.selenium.dev/documentation/webdriver/troubleshooting/errors#no-such-element-exception
Build info: version: '4.25.0', revision: '8a8aea2337'
System info: os.name: 'Windows 11', os.arch: 'amd64', os.version: '10.0', java.version: '17.0.15'
Driver info: org.openqa.selenium.chrome.ChromeDriver
Command: [3197a25f73177a3f4bdfcf2d0a154a43, findElement {value=//ul[@class='error-messages']/li[contains(text(),'username is too long (maximum is 20 characters)')], using=xpath}]
Capabilities {acceptInsecureCerts: false, browserName: chrome, browserVersion: 142.0.7444.176, chrome: {chromedriverVersion: 142.0.7444.175 (302067f14a4..., userDataDir: C:\Users\satya\AppData\Loca...}, fedcm:accounts: true, goog:chromeOptions: {debuggerAddress: localhost:52574}, goog:processID: 34260, networkConnectionEnabled: false, pageLoadStrategy: normal, platformName: windows, proxy: Proxy(), se:cdp: ws://localhost:52574/devtoo..., se:cdpVersion: 142.0.7444.176, setWindowRect: true, strictFileInteractability: false, timeouts: {implicit: 0, pageLoad: 300000, script: 30000}, unhandledPromptBehavior: dismiss and notify, webauthn:extension:credBlob: true, webauthn:extension:largeBlob: true, webauthn:extension:minPinLength: true, webauthn:extension:prf: true, webauthn:virtualAuthenticators: true}
Session ID: 3197a25f73177a3f4bdfcf2d0a154a43]]>
            </message>
            <full-stacktrace>
              <![CDATA[org.openqa.selenium.NoSuchElementException: no such element: Unable to locate element: {"method":"xpath","selector":"//ul[@class='error-messages']/li[contains(text(),'username is too long (maximum is 20 characters)')]"}
  (Session info: chrome=142.0.7444.176)
For documentation on this error, please visit: https://www.selenium.dev/documentation/webdriver/troubleshooting/errors#no-such-element-exception
Build info: version: '4.25.0', revision: '8a8aea2337'
System info: os.name: 'Windows 11', os.arch: 'amd64', os.version: '10.0', java.version: '17.0.15'
Driver info: org.openqa.selenium.chrome.ChromeDriver
Command: [3197a25f73177a3f4bdfcf2d0a154a43, findElement {value=//ul[@class='error-messages']/li[contains(text(),'username is too long (maximum is 20 characters)')], using=xpath}]
Capabilities {acceptInsecureCerts: false, browserName: chrome, browserVersion: 142.0.7444.176, chrome: {chromedriverVersion: 142.0.7444.175 (302067f14a4..., userDataDir: C:\Users\satya\AppData\Loca...}, fedcm:accounts: true, goog:chromeOptions: {debuggerAddress: localhost:52574}, goog:processID: 34260, networkConnectionEnabled: false, pageLoadStrategy: normal, platformName: windows, proxy: Proxy(), se:cdp: ws://localhost:52574/devtoo..., se:cdpVersion: 142.0.7444.176, setWindowRect: true, strictFileInteractability: false, timeouts: {implicit: 0, pageLoad: 300000, script: 30000}, unhandledPromptBehavior: dismiss and notify, webauthn:extension:credBlob: true, webauthn:extension:largeBlob: true, webauthn:extension:minPinLength: true, webauthn:extension:prf: true, webauthn:virtualAuthenticators: true}
Session ID: 3197a25f73177a3f4bdfcf2d0a154a43
at java.base/jdk.internal.reflect.NativeConstructorAccessorImpl.newInstance0(Native Method)
at java.base/jdk.internal.reflect.NativeConstructorAccessorImpl.newInstance(NativeConstructorAccessorImpl.java:77)
at java.base/jdk.internal.reflect.DelegatingConstructorAccessorImpl.newInstance(DelegatingConstructorAccessorImpl.java:45)
at java.base/java.lang.reflect.Constructor.newInstanceWithCaller(Constructor.java:499)
at java.base/java.lang.reflect.Constructor.newInstance(Constructor.java:480)
at org.openqa.selenium.remote.ErrorCodec.decode(ErrorCodec.java:167)
at org.openqa.selenium.remote.codec.w3c.W3CHttpResponseCodec.decode(W3CHttpResponseCodec.java:138)
at org.openqa.selenium.remote.codec.w3c.W3CHttpResponseCodec.decode(W3CHttpResponseCodec.java:50)
at org.openqa.selenium.remote.HttpCommandExecutor.execute(HttpCommandExecutor.java:190)
at org.openqa.selenium.remote.service.DriverCommandExecutor.invokeExecute(DriverCommandExecutor.java:216)
at org.openqa.selenium.remote.service.DriverCommandExecutor.execute(DriverCommandExecutor.java:174)
at org.openqa.selenium.remote.RemoteWebDriver.execute(RemoteWebDriver.java:545)
at org.openqa.selenium.remote.ElementLocation$ElementFinder$2.findElement(ElementLocation.java:165)
at org.openqa.selenium.remote.ElementLocation.findElement(ElementLocation.java:59)
at org.openqa.selenium.remote.RemoteWebDriver.findElement(RemoteWebDriver.java:368)
at org.openqa.selenium.remote.RemoteWebDriver.findElement(RemoteWebDriver.java:362)
at com.fleapo.conduit.core.util.ElementUtil.getElement(ElementUtil.java:29)
at com.fleapo.conduit.core.util.ElementUtil.doIsElementDisplayed(ElementUtil.java:83)
at com.fleapo.conduit.pages.RegisterPage.getAnyErrorMessage(RegisterPage.java:81)
at com.fleapo.conduit.pages.RegisterPage.doRegister(RegisterPage.java:52)
at com.fleapo.conduit.Test.RegisterUsersFromExcelTest.registerUsersUsingExcel(RegisterUsersFromExcelTest.java:27)
at java.base/jdk.internal.reflect.NativeMethodAccessorImpl.invoke0(Native Method)
at java.base/jdk.internal.reflect.NativeMethodAccessorImpl.invoke(NativeMethodAccessorImpl.java:77)
at java.base/jdk.internal.reflect.DelegatingMethodAccessorImpl.invoke(DelegatingMethodAccessorImpl.java:43)
at java.base/java.lang.reflect.Method.invoke(Method.java:568)
at org.testng.internal.invokers.MethodInvocationHelper.invokeMethod(MethodInvocationHelper.java:141)
at org.testng.internal.invokers.TestInvoker.invokeMethod(TestInvoker.java:686)
at org.testng.internal.invokers.TestInvoker.invokeTestMethod(TestInvoker.java:230)
at org.testng.internal.invokers.MethodRunner.runInSequence(MethodRunner.java:63)
at org.testng.internal.invokers.TestInvoker$MethodInvocationAgent.invoke(TestInvoker.java:992)
at org.testng.internal.invokers.TestInvoker.invokeTestMethods(TestInvoker.java:203)
at org.testng.internal.invokers.TestMethodWorker.invokeTestMethods(TestMethodWorker.java:154)
at org.testng.internal.invokers.TestMethodWorker.run(TestMethodWorker.java:134)
at java.base/java.util.ArrayList.forEach(ArrayList.java:1511)
at org.testng.TestRunner.privateRun(TestRunner.java:739)
at org.testng.TestRunner.run(TestRunner.java:614)
at org.testng.SuiteRunner.runTest(SuiteRunner.java:421)
at org.testng.SuiteRunner.runSequentially(SuiteRunner.java:413)
at org.testng.SuiteRunner.privateRun(SuiteRunner.java:373)
at org.testng.SuiteRunner.run(SuiteRunner.java:312)
at org.testng.SuiteRunnerWorker.runSuite(SuiteRunnerWorker.java:52)
at org.testng.SuiteRunnerWorker.run(SuiteRunnerWorker.java:95)
at org.testng.TestNG.runSuitesSequentially(TestNG.java:1274)
at org.testng.TestNG.runSuitesLocally(TestNG.java:1208)
at org.testng.TestNG.runSuites(TestNG.java:1112)
at org.testng.TestNG.run(TestNG.java:1079)
at org.testng.remote.AbstractRemoteTestNG.run(AbstractRemoteTestNG.java:115)
at org.testng.remote.RemoteTestNG.initAndRun(RemoteTestNG.java:293)
at org.testng.remote.RemoteTestNG.main(RemoteTestNG.java:91)
]]>
            </full-stacktrace>
          </exception> <!-- org.openqa.selenium.NoSuchElementException -->
          <reporter-output>
          </reporter-output>
        </test-method> <!-- registerUsersUsingExcel -->
        <test-method is-config="true" signature="tearDown()[pri:0, instance:com.fleapo.conduit.Test.RegisterUsersFromExcelTest@139982de]" started-at="2025-12-02T11:58:41 IST" name="tearDown" finished-at="2025-12-02T11:58:41 IST" duration-ms="159" status="PASS">
          <reporter-output>
          </reporter-output>
        </test-method> <!-- tearDown -->
        <test-method is-config="true" signature="setUp()[pri:0, instance:com.fleapo.conduit.Test.RegisterUsersFromExcelTest@139982de]" started-at="2025-12-02T11:58:41 IST" name="setUp" finished-at="2025-12-02T11:58:44 IST" duration-ms="2311" status="PASS">
          <reporter-output>
          </reporter-output>
        </test-method> <!-- setUp -->
        <test-method signature="registerUsersUsingExcel(java.lang.String,java.lang.String,java.lang.String)[pri:0, instance:com.fleapo.conduit.Test.RegisterUsersFromExcelTest@139982de]" started-at="2025-12-02T11:58:44 IST" name="registerUsersUsingExcel" data-provider="registerExcelData" finished-at="2025-12-02T11:59:12 IST" duration-ms="27747" status="FAIL">
          <params>
            <param index="0">
              <value>
                <![CDATA[regTestUser13]]>
              </value>
            </param>
            <param index="1">
              <value>
                <![CDATA[regTestUser13@test.com]]>
              </value>
            </param>
            <param index="2">
              <value>
                <![CDATA[Test!@#1234]]>
              </value>
            </param>
          </params>
          <exception class="org.openqa.selenium.NoSuchElementException">
            <message>
              <![CDATA[no such element: Unable to locate element: {"method":"xpath","selector":"//ul[@class='error-messages']/li[contains(text(),'username is too long (maximum is 20 characters)')]"}
  (Session info: chrome=142.0.7444.176)
For documentation on this error, please visit: https://www.selenium.dev/documentation/webdriver/troubleshooting/errors#no-such-element-exception
Build info: version: '4.25.0', revision: '8a8aea2337'
System info: os.name: 'Windows 11', os.arch: 'amd64', os.version: '10.0', java.version: '17.0.15'
Driver info: org.openqa.selenium.chrome.ChromeDriver
Command: [eebd01e0b96c6bd07a59196b4bf4d8fe, findElement {value=//ul[@class='error-messages']/li[contains(text(),'username is too long (maximum is 20 characters)')], using=xpath}]
Capabilities {acceptInsecureCerts: false, browserName: chrome, browserVersion: 142.0.7444.176, chrome: {chromedriverVersion: 142.0.7444.175 (302067f14a4..., userDataDir: C:\Users\satya\AppData\Loca...}, fedcm:accounts: true, goog:chromeOptions: {debuggerAddress: localhost:64654}, goog:processID: 29744, networkConnectionEnabled: false, pageLoadStrategy: normal, platformName: windows, proxy: Proxy(), se:cdp: ws://localhost:64654/devtoo..., se:cdpVersion: 142.0.7444.176, setWindowRect: true, strictFileInteractability: false, timeouts: {implicit: 0, pageLoad: 300000, script: 30000}, unhandledPromptBehavior: dismiss and notify, webauthn:extension:credBlob: true, webauthn:extension:largeBlob: true, webauthn:extension:minPinLength: true, webauthn:extension:prf: true, webauthn:virtualAuthenticators: true}
Session ID: eebd01e0b96c6bd07a59196b4bf4d8fe]]>
            </message>
            <full-stacktrace>
              <![CDATA[org.openqa.selenium.NoSuchElementException: no such element: Unable to locate element: {"method":"xpath","selector":"//ul[@class='error-messages']/li[contains(text(),'username is too long (maximum is 20 characters)')]"}
  (Session info: chrome=142.0.7444.176)
For documentation on this error, please visit: https://www.selenium.dev/documentation/webdriver/troubleshooting/errors#no-such-element-exception
Build info: version: '4.25.0', revision: '8a8aea2337'
System info: os.name: 'Windows 11', os.arch: 'amd64', os.version: '10.0', java.version: '17.0.15'
Driver info: org.openqa.selenium.chrome.ChromeDriver
Command: [eebd01e0b96c6bd07a59196b4bf4d8fe, findElement {value=//ul[@class='error-messages']/li[contains(text(),'username is too long (maximum is 20 characters)')], using=xpath}]
Capabilities {acceptInsecureCerts: false, browserName: chrome, browserVersion: 142.0.7444.176, chrome: {chromedriverVersion: 142.0.7444.175 (302067f14a4..., userDataDir: C:\Users\satya\AppData\Loca...}, fedcm:accounts: true, goog:chromeOptions: {debuggerAddress: localhost:64654}, goog:processID: 29744, networkConnectionEnabled: false, pageLoadStrategy: normal, platformName: windows, proxy: Proxy(), se:cdp: ws://localhost:64654/devtoo..., se:cdpVersion: 142.0.7444.176, setWindowRect: true, strictFileInteractability: false, timeouts: {implicit: 0, pageLoad: 300000, script: 30000}, unhandledPromptBehavior: dismiss and notify, webauthn:extension:credBlob: true, webauthn:extension:largeBlob: true, webauthn:extension:minPinLength: true, webauthn:extension:prf: true, webauthn:virtualAuthenticators: true}
Session ID: eebd01e0b96c6bd07a59196b4bf4d8fe
at java.base/jdk.internal.reflect.NativeConstructorAccessorImpl.newInstance0(Native Method)
at java.base/jdk.internal.reflect.NativeConstructorAccessorImpl.newInstance(NativeConstructorAccessorImpl.java:77)
at java.base/jdk.internal.reflect.DelegatingConstructorAccessorImpl.newInstance(DelegatingConstructorAccessorImpl.java:45)
at java.base/java.lang.reflect.Constructor.newInstanceWithCaller(Constructor.java:499)
at java.base/java.lang.reflect.Constructor.newInstance(Constructor.java:480)
at org.openqa.selenium.remote.ErrorCodec.decode(ErrorCodec.java:167)
at org.openqa.selenium.remote.codec.w3c.W3CHttpResponseCodec.decode(W3CHttpResponseCodec.java:138)
at org.openqa.selenium.remote.codec.w3c.W3CHttpResponseCodec.decode(W3CHttpResponseCodec.java:50)
at org.openqa.selenium.remote.HttpCommandExecutor.execute(HttpCommandExecutor.java:190)
at org.openqa.selenium.remote.service.DriverCommandExecutor.invokeExecute(DriverCommandExecutor.java:216)
at org.openqa.selenium.remote.service.DriverCommandExecutor.execute(DriverCommandExecutor.java:174)
at org.openqa.selenium.remote.RemoteWebDriver.execute(RemoteWebDriver.java:545)
at org.openqa.selenium.remote.ElementLocation$ElementFinder$2.findElement(ElementLocation.java:165)
at org.openqa.selenium.remote.ElementLocation.findElement(ElementLocation.java:59)
at org.openqa.selenium.remote.RemoteWebDriver.findElement(RemoteWebDriver.java:368)
at org.openqa.selenium.remote.RemoteWebDriver.findElement(RemoteWebDriver.java:362)
at com.fleapo.conduit.core.util.ElementUtil.getElement(ElementUtil.java:29)
at com.fleapo.conduit.core.util.ElementUtil.doIsElementDisplayed(ElementUtil.java:83)
at com.fleapo.conduit.pages.RegisterPage.getAnyErrorMessage(RegisterPage.java:81)
at com.fleapo.conduit.pages.RegisterPage.doRegister(RegisterPage.java:52)
at com.fleapo.conduit.Test.RegisterUsersFromExcelTest.registerUsersUsingExcel(RegisterUsersFromExcelTest.java:27)
at java.base/jdk.internal.reflect.NativeMethodAccessorImpl.invoke0(Native Method)
at java.base/jdk.internal.reflect.NativeMethodAccessorImpl.invoke(NativeMethodAccessorImpl.java:77)
at java.base/jdk.internal.reflect.DelegatingMethodAccessorImpl.invoke(DelegatingMethodAccessorImpl.java:43)
at java.base/java.lang.reflect.Method.invoke(Method.java:568)
at org.testng.internal.invokers.MethodInvocationHelper.invokeMethod(MethodInvocationHelper.java:141)
at org.testng.internal.invokers.TestInvoker.invokeMethod(TestInvoker.java:686)
at org.testng.internal.invokers.TestInvoker.invokeTestMethod(TestInvoker.java:230)
at org.testng.internal.invokers.MethodRunner.runInSequence(MethodRunner.java:63)
at org.testng.internal.invokers.TestInvoker$MethodInvocationAgent.invoke(TestInvoker.java:992)
at org.testng.internal.invokers.TestInvoker.invokeTestMethods(TestInvoker.java:203)
at org.testng.internal.invokers.TestMethodWorker.invokeTestMethods(TestMethodWorker.java:154)
at org.testng.internal.invokers.TestMethodWorker.run(TestMethodWorker.java:134)
at java.base/java.util.ArrayList.forEach(ArrayList.java:1511)
at org.testng.TestRunner.privateRun(TestRunner.java:739)
at org.testng.TestRunner.run(TestRunner.java:614)
at org.testng.SuiteRunner.runTest(SuiteRunner.java:421)
at org.testng.SuiteRunner.runSequentially(SuiteRunner.java:413)
at org.testng.SuiteRunner.privateRun(SuiteRunner.java:373)
at org.testng.SuiteRunner.run(SuiteRunner.java:312)
at org.testng.SuiteRunnerWorker.runSuite(SuiteRunnerWorker.java:52)
at org.testng.SuiteRunnerWorker.run(SuiteRunnerWorker.java:95)
at org.testng.TestNG.runSuitesSequentially(TestNG.java:1274)
at org.testng.TestNG.runSuitesLocally(TestNG.java:1208)
at org.testng.TestNG.runSuites(TestNG.java:1112)
at org.testng.TestNG.run(TestNG.java:1079)
at org.testng.remote.AbstractRemoteTestNG.run(AbstractRemoteTestNG.java:115)
at org.testng.remote.RemoteTestNG.initAndRun(RemoteTestNG.java:293)
at org.testng.remote.RemoteTestNG.main(RemoteTestNG.java:91)
]]>
            </full-stacktrace>
          </exception> <!-- org.openqa.selenium.NoSuchElementException -->
          <reporter-output>
          </reporter-output>
        </test-method> <!-- registerUsersUsingExcel -->
        <test-method is-config="true" signature="tearDown()[pri:0, instance:com.fleapo.conduit.Test.RegisterUsersFromExcelTest@139982de]" started-at="2025-12-02T11:59:12 IST" name="tearDown" finished-at="2025-12-02T11:59:12 IST" duration-ms="189" status="PASS">
          <reporter-output>
          </reporter-output>
        </test-method> <!-- tearDown -->
      </class> <!-- com.fleapo.conduit.Test.RegisterUsersFromExcelTest -->
      <class name="com.fleapo.conduit.Test.CreateArticleTest">
        <test-method is-config="true" signature="setUp()[pri:0, instance:com.fleapo.conduit.Test.CreateArticleTest@217ed35e]" started-at="2025-12-02T11:59:43 IST" name="setUp" finished-at="2025-12-02T11:59:45 IST" duration-ms="2358" status="PASS">
          <reporter-output>
          </reporter-output>
        </test-method> <!-- setUp -->
        <test-method signature="createArticleFlow()[pri:0, instance:com.fleapo.conduit.Test.CreateArticleTest@217ed35e]" started-at="2025-12-02T11:59:45 IST" name="createArticleFlow" finished-at="2025-12-02T11:59:59 IST" duration-ms="13757" status="PASS">
          <reporter-output>
          </reporter-output>
        </test-method> <!-- createArticleFlow -->
        <test-method is-config="true" signature="tearDown()[pri:0, instance:com.fleapo.conduit.Test.CreateArticleTest@217ed35e]" started-at="2025-12-02T11:59:59 IST" name="tearDown" finished-at="2025-12-02T11:59:59 IST" duration-ms="240" status="PASS">
          <reporter-output>
          </reporter-output>
        </test-method> <!-- tearDown -->
      </class> <!-- com.fleapo.conduit.Test.CreateArticleTest -->
      <class name="com.fleapo.conduit.Test.RegisterSingleUserTest">
        <test-method is-config="true" signature="setUp()[pri:0, instance:com.fleapo.conduit.Test.RegisterSingleUserTest@62379589]" started-at="2025-12-02T11:57:28 IST" name="setUp" finished-at="2025-12-02T11:57:31 IST" duration-ms="2917" status="PASS">
          <reporter-output>
          </reporter-output>
        </test-method> <!-- setUp -->
        <test-method signature="registerSingleUserUsingDataProvider(java.lang.String,java.lang.String,java.lang.String)[pri:0, instance:com.fleapo.conduit.Test.RegisterSingleUserTest@62379589]" started-at="2025-12-02T11:57:31 IST" name="registerSingleUserUsingDataProvider" data-provider="singleUser" finished-at="2025-12-02T11:57:39 IST" duration-ms="8402" status="PASS">
          <params>
            <param index="0">
              <value>
                <![CDATA[tu_1764656848079]]>
              </value>
            </param>
            <param index="1">
              <value>
                <![CDATA[tu1764656848079@test.com]]>
              </value>
            </param>
            <param index="2">
              <value>
                <![CDATA[Test!@#12345]]>
              </value>
            </param>
          </params>
          <reporter-output>
          </reporter-output>
        </test-method> <!-- registerSingleUserUsingDataProvider -->
        <test-method is-config="true" signature="tearDown()[pri:0, instance:com.fleapo.conduit.Test.RegisterSingleUserTest@62379589]" started-at="2025-12-02T11:57:39 IST" name="tearDown" finished-at="2025-12-02T11:57:39 IST" duration-ms="193" status="PASS">
          <reporter-output>
          </reporter-output>
        </test-method> <!-- tearDown -->
      </class> <!-- com.fleapo.conduit.Test.RegisterSingleUserTest -->
    </test> <!-- Conduit Tests - Chrome -->
  </suite> <!-- Conduit Automation Suite -->
</testng-results>
