<?xml version="1.0" encoding="UTF-8"?>
<testng-results ignored="0" total="9" passed="9" failed="0" skipped="0">
  <reporter-output>
  </reporter-output>
  <suite started-at="2025-12-02T12:29:59 IST" name="Conduit Automation Suite" finished-at="2025-12-02T12:33:15 IST" duration-ms="196454">
    <groups>
    </groups>
    <test started-at="2025-12-02T12:29:59 IST" name="Conduit Tests - Chrome" finished-at="2025-12-02T12:33:15 IST" duration-ms="196454">
      <class name="com.fleapo.conduit.Test.GlobalFeedArticleTest">
        <test-method is-config="true" signature="setUp()[pri:0, instance:com.fleapo.conduit.Test.GlobalFeedArticleTest@7dcf94f8]" started-at="2025-12-02T12:33:05 IST" name="setUp" finished-at="2025-12-02T12:33:07 IST" duration-ms="2414" status="PASS">
          <reporter-output>
          </reporter-output>
        </test-method> <!-- setUp -->
        <test-method signature="verifyGlobalFeedArticle()[pri:0, instance:com.fleapo.conduit.Test.GlobalFeedArticleTest@7dcf94f8]" started-at="2025-12-02T12:33:07 IST" name="verifyGlobalFeedArticle" finished-at="2025-12-02T12:33:15 IST" duration-ms="8158" status="PASS">
          <reporter-output>
          </reporter-output>
        </test-method> <!-- verifyGlobalFeedArticle -->
        <test-method is-config="true" signature="tearDown()[pri:0, instance:com.fleapo.conduit.Test.GlobalFeedArticleTest@7dcf94f8]" started-at="2025-12-02T12:33:15 IST" name="tearDown" finished-at="2025-12-02T12:33:15 IST" duration-ms="184" status="PASS">
          <reporter-output>
          </reporter-output>
        </test-method> <!-- tearDown -->
      </class> <!-- com.fleapo.conduit.Test.GlobalFeedArticleTest -->
      <class name="com.fleapo.conduit.Test.LoginUsersFromExcelTest">
        <test-method is-config="true" signature="setUp()[pri:0, instance:com.fleapo.conduit.Test.LoginUsersFromExcelTest@682b2fa]" started-at="2025-12-02T12:32:17 IST" name="setUp" finished-at="2025-12-02T12:32:20 IST" duration-ms="3333" status="PASS">
          <reporter-output>
          </reporter-output>
        </test-method> <!-- setUp -->
        <test-method signature="loginFlowTest(java.lang.String,java.lang.String,java.lang.String)[pri:0, instance:com.fleapo.conduit.Test.LoginUsersFromExcelTest@682b2fa]" started-at="2025-12-02T12:32:20 IST" name="loginFlowTest" data-provider="loginExcelData" finished-at="2025-12-02T12:32:28 IST" duration-ms="7634" status="PASS">
          <params>
            <param index="0">
              <value>
                <![CDATA[regTestUser11]]>
              </value>
            </param>
            <param index="1">
              <value>
                <![CDATA[regTestUser11@test.com]]>
              </value>
            </param>
            <param index="2">
              <value>
                <![CDATA[Test!@#1234]]>
              </value>
            </param>
          </params>
          <reporter-output>
          </reporter-output>
        </test-method> <!-- loginFlowTest -->
        <test-method is-config="true" signature="tearDown()[pri:0, instance:com.fleapo.conduit.Test.LoginUsersFromExcelTest@682b2fa]" started-at="2025-12-02T12:32:28 IST" name="tearDown" finished-at="2025-12-02T12:32:28 IST" duration-ms="695" status="PASS">
          <reporter-output>
          </reporter-output>
        </test-method> <!-- tearDown -->
        <test-method is-config="true" signature="setUp()[pri:0, instance:com.fleapo.conduit.Test.LoginUsersFromExcelTest@682b2fa]" started-at="2025-12-02T12:32:28 IST" name="setUp" finished-at="2025-12-02T12:32:31 IST" duration-ms="2574" status="PASS">
          <reporter-output>
          </reporter-output>
        </test-method> <!-- setUp -->
        <test-method signature="loginFlowTest(java.lang.String,java.lang.String,java.lang.String)[pri:0, instance:com.fleapo.conduit.Test.LoginUsersFromExcelTest@682b2fa]" started-at="2025-12-02T12:32:31 IST" name="loginFlowTest" data-provider="loginExcelData" finished-at="2025-12-02T12:32:39 IST" duration-ms="7584" status="PASS">
          <params>
            <param index="0">
              <value>
                <![CDATA[regTestUser12]]>
              </value>
            </param>
            <param index="1">
              <value>
                <![CDATA[regTestUser12@test.com]]>
              </value>
            </param>
            <param index="2">
              <value>
                <![CDATA[Test!@#1234]]>
              </value>
            </param>
          </params>
          <reporter-output>
          </reporter-output>
        </test-method> <!-- loginFlowTest -->
        <test-method is-config="true" signature="tearDown()[pri:0, instance:com.fleapo.conduit.Test.LoginUsersFromExcelTest@682b2fa]" started-at="2025-12-02T12:32:39 IST" name="tearDown" finished-at="2025-12-02T12:32:39 IST" duration-ms="273" status="PASS">
          <reporter-output>
          </reporter-output>
        </test-method> <!-- tearDown -->
        <test-method is-config="true" signature="setUp()[pri:0, instance:com.fleapo.conduit.Test.LoginUsersFromExcelTest@682b2fa]" started-at="2025-12-02T12:32:39 IST" name="setUp" finished-at="2025-12-02T12:32:41 IST" duration-ms="2584" status="PASS">
          <reporter-output>
          </reporter-output>
        </test-method> <!-- setUp -->
        <test-method signature="loginFlowTest(java.lang.String,java.lang.String,java.lang.String)[pri:0, instance:com.fleapo.conduit.Test.LoginUsersFromExcelTest@682b2fa]" started-at="2025-12-02T12:32:41 IST" name="loginFlowTest" data-provider="loginExcelData" finished-at="2025-12-02T12:32:48 IST" duration-ms="6990" status="PASS">
          <params>
            <param index="0">
              <value>
                <![CDATA[regTestUser13]]>
              </value>
            </param>
            <param index="1">
              <value>
                <![CDATA[regTestUser13@test.com]]>
              </value>
            </param>
            <param index="2">
              <value>
                <![CDATA[Test!@#1234]]>
              </value>
            </param>
          </params>
          <reporter-output>
          </reporter-output>
        </test-method> <!-- loginFlowTest -->
        <test-method is-config="true" signature="tearDown()[pri:0, instance:com.fleapo.conduit.Test.LoginUsersFromExcelTest@682b2fa]" started-at="2025-12-02T12:32:48 IST" name="tearDown" finished-at="2025-12-02T12:32:49 IST" duration-ms="193" status="PASS">
          <reporter-output>
          </reporter-output>
        </test-method> <!-- tearDown -->
      </class> <!-- com.fleapo.conduit.Test.LoginUsersFromExcelTest -->
      <class name="com.fleapo.conduit.Test.RegisterUsersFromExcelTest">
        <test-method is-config="true" signature="setUp()[pri:0, instance:com.fleapo.conduit.Test.RegisterUsersFromExcelTest@139982de]" started-at="2025-12-02T12:30:11 IST" name="setUp" finished-at="2025-12-02T12:30:14 IST" duration-ms="2482" status="PASS">
          <reporter-output>
          </reporter-output>
        </test-method> <!-- setUp -->
        <test-method signature="registerUsersUsingExcel(java.lang.String,java.lang.String,java.lang.String)[pri:0, instance:com.fleapo.conduit.Test.RegisterUsersFromExcelTest@139982de]" started-at="2025-12-02T12:30:14 IST" name="registerUsersUsingExcel" data-provider="registerExcelData" finished-at="2025-12-02T12:30:53 IST" duration-ms="39270" status="PASS">
          <params>
            <param index="0">
              <value>
                <![CDATA[regTestUser11]]>
              </value>
            </param>
            <param index="1">
              <value>
                <![CDATA[regTestUser11@test.com]]>
              </value>
            </param>
            <param index="2">
              <value>
                <![CDATA[Test!@#1234]]>
              </value>
            </param>
          </params>
          <reporter-output>
          </reporter-output>
        </test-method> <!-- registerUsersUsingExcel -->
        <test-method is-config="true" signature="tearDown()[pri:0, instance:com.fleapo.conduit.Test.RegisterUsersFromExcelTest@139982de]" started-at="2025-12-02T12:30:53 IST" name="tearDown" finished-at="2025-12-02T12:30:53 IST" duration-ms="201" status="PASS">
          <reporter-output>
          </reporter-output>
        </test-method> <!-- tearDown -->
        <test-method is-config="true" signature="setUp()[pri:0, instance:com.fleapo.conduit.Test.RegisterUsersFromExcelTest@139982de]" started-at="2025-12-02T12:30:53 IST" name="setUp" finished-at="2025-12-02T12:30:56 IST" duration-ms="2599" status="PASS">
          <reporter-output>
          </reporter-output>
        </test-method> <!-- setUp -->
        <test-method signature="registerUsersUsingExcel(java.lang.String,java.lang.String,java.lang.String)[pri:0, instance:com.fleapo.conduit.Test.RegisterUsersFromExcelTest@139982de]" started-at="2025-12-02T12:30:56 IST" name="registerUsersUsingExcel" data-provider="registerExcelData" finished-at="2025-12-02T12:31:34 IST" duration-ms="38378" status="PASS">
          <params>
            <param index="0">
              <value>
                <![CDATA[regTestUser12]]>
              </value>
            </param>
            <param index="1">
              <value>
                <![CDATA[regTestUser12@test.com]]>
              </value>
            </param>
            <param index="2">
              <value>
                <![CDATA[Test!@#1234]]>
              </value>
            </param>
          </params>
          <reporter-output>
          </reporter-output>
        </test-method> <!-- registerUsersUsingExcel -->
        <test-method is-config="true" signature="tearDown()[pri:0, instance:com.fleapo.conduit.Test.RegisterUsersFromExcelTest@139982de]" started-at="2025-12-02T12:31:34 IST" name="tearDown" finished-at="2025-12-02T12:31:34 IST" duration-ms="298" status="PASS">
          <reporter-output>
          </reporter-output>
        </test-method> <!-- tearDown -->
        <test-method is-config="true" signature="setUp()[pri:0, instance:com.fleapo.conduit.Test.RegisterUsersFromExcelTest@139982de]" started-at="2025-12-02T12:31:34 IST" name="setUp" finished-at="2025-12-02T12:31:37 IST" duration-ms="2910" status="PASS">
          <reporter-output>
          </reporter-output>
        </test-method> <!-- setUp -->
        <test-method signature="registerUsersUsingExcel(java.lang.String,java.lang.String,java.lang.String)[pri:0, instance:com.fleapo.conduit.Test.RegisterUsersFromExcelTest@139982de]" started-at="2025-12-02T12:31:37 IST" name="registerUsersUsingExcel" data-provider="registerExcelData" finished-at="2025-12-02T12:32:17 IST" duration-ms="39233" status="PASS">
          <params>
            <param index="0">
              <value>
                <![CDATA[regTestUser13]]>
              </value>
            </param>
            <param index="1">
              <value>
                <![CDATA[regTestUser13@test.com]]>
              </value>
            </param>
            <param index="2">
              <value>
                <![CDATA[Test!@#1234]]>
              </value>
            </param>
          </params>
          <reporter-output>
          </reporter-output>
        </test-method> <!-- registerUsersUsingExcel -->
        <test-method is-config="true" signature="tearDown()[pri:0, instance:com.fleapo.conduit.Test.RegisterUsersFromExcelTest@139982de]" started-at="2025-12-02T12:32:17 IST" name="tearDown" finished-at="2025-12-02T12:32:17 IST" duration-ms="247" status="PASS">
          <reporter-output>
          </reporter-output>
        </test-method> <!-- tearDown -->
      </class> <!-- com.fleapo.conduit.Test.RegisterUsersFromExcelTest -->
      <class name="com.fleapo.conduit.Test.CreateArticleTest">
        <test-method is-config="true" signature="setUp()[pri:0, instance:com.fleapo.conduit.Test.CreateArticleTest@217ed35e]" started-at="2025-12-02T12:32:49 IST" name="setUp" finished-at="2025-12-02T12:32:51 IST" duration-ms="2384" status="PASS">
          <reporter-output>
          </reporter-output>
        </test-method> <!-- setUp -->
        <test-method signature="createArticleFlow()[pri:0, instance:com.fleapo.conduit.Test.CreateArticleTest@217ed35e]" started-at="2025-12-02T12:32:51 IST" name="createArticleFlow" finished-at="2025-12-02T12:33:04 IST" duration-ms="13395" status="PASS">
          <reporter-output>
          </reporter-output>
        </test-method> <!-- createArticleFlow -->
        <test-method is-config="true" signature="tearDown()[pri:0, instance:com.fleapo.conduit.Test.CreateArticleTest@217ed35e]" started-at="2025-12-02T12:33:04 IST" name="tearDown" finished-at="2025-12-02T12:33:05 IST" duration-ms="232" status="PASS">
          <reporter-output>
          </reporter-output>
        </test-method> <!-- tearDown -->
      </class> <!-- com.fleapo.conduit.Test.CreateArticleTest -->
      <class name="com.fleapo.conduit.Test.RegisterSingleUserTest">
        <test-method is-config="true" signature="setUp()[pri:0, instance:com.fleapo.conduit.Test.RegisterSingleUserTest@62379589]" started-at="2025-12-02T12:29:59 IST" name="setUp" finished-at="2025-12-02T12:30:02 IST" duration-ms="3121" status="PASS">
          <reporter-output>
          </reporter-output>
        </test-method> <!-- setUp -->
        <test-method signature="registerSingleUserUsingDataProvider(java.lang.String,java.lang.String,java.lang.String)[pri:0, instance:com.fleapo.conduit.Test.RegisterSingleUserTest@62379589]" started-at="2025-12-02T12:30:02 IST" name="registerSingleUserUsingDataProvider" data-provider="singleUser" finished-at="2025-12-02T12:30:10 IST" duration-ms="8233" status="PASS">
          <params>
            <param index="0">
              <value>
                <![CDATA[tu_1764658799516]]>
              </value>
            </param>
            <param index="1">
              <value>
                <![CDATA[tu1764658799516@test.com]]>
              </value>
            </param>
            <param index="2">
              <value>
                <![CDATA[Test!@#12345]]>
              </value>
            </param>
          </params>
          <reporter-output>
          </reporter-output>
        </test-method> <!-- registerSingleUserUsingDataProvider -->
        <test-method is-config="true" signature="tearDown()[pri:0, instance:com.fleapo.conduit.Test.RegisterSingleUserTest@62379589]" started-at="2025-12-02T12:30:10 IST" name="tearDown" finished-at="2025-12-02T12:30:11 IST" duration-ms="382" status="PASS">
          <reporter-output>
          </reporter-output>
        </test-method> <!-- tearDown -->
      </class> <!-- com.fleapo.conduit.Test.RegisterSingleUserTest -->
    </test> <!-- Conduit Tests - Chrome -->
  </suite> <!-- Conduit Automation Suite -->
</testng-results>
