<?xml version="1.0" encoding="UTF-8"?>
<testng-results ignored="0" total="1" passed="1" failed="0" skipped="0">
  <reporter-output>
  </reporter-output>
  <suite started-at="2025-12-02T09:04:16 IST" name="Default suite" finished-at="2025-12-02T09:04:25 IST" duration-ms="9204">
    <groups>
    </groups>
    <test started-at="2025-12-02T09:04:16 IST" name="Default test" finished-at="2025-12-02T09:04:25 IST" duration-ms="9204">
      <class name="com.fleapo.conduit.Test.GlobalFeedArticleTest">
        <test-method is-config="true" signature="setUp()[pri:0, instance:com.fleapo.conduit.Test.GlobalFeedArticleTest@6c6cb480]" started-at="2025-12-02T09:04:16 IST" name="setUp" finished-at="2025-12-02T09:04:18 IST" duration-ms="2385" status="PASS">
          <reporter-output>
          </reporter-output>
        </test-method> <!-- setUp -->
        <test-method signature="verifyGlobalFeedArticle()[pri:0, instance:com.fleapo.conduit.Test.GlobalFeedArticleTest@6c6cb480]" started-at="2025-12-02T09:04:18 IST" name="verifyGlobalFeedArticle" finished-at="2025-12-02T09:04:25 IST" duration-ms="6656" status="PASS">
          <reporter-output>
          </reporter-output>
        </test-method> <!-- verifyGlobalFeedArticle -->
        <test-method is-config="true" signature="tearDown()[pri:0, instance:com.fleapo.conduit.Test.GlobalFeedArticleTest@6c6cb480]" started-at="2025-12-02T09:04:25 IST" name="tearDown" finished-at="2025-12-02T09:04:25 IST" duration-ms="131" status="PASS">
          <reporter-output>
          </reporter-output>
        </test-method> <!-- tearDown -->
      </class> <!-- com.fleapo.conduit.Test.GlobalFeedArticleTest -->
    </test> <!-- Default test -->
  </suite> <!-- Default suite -->
</testng-results>
