<?xml version="1.0" encoding="UTF-8"?>
<!-- Generated by org.testng.reporters.JUnitReportReporter -->
<testsuite hostname="SATYAPC" failures="0" tests="1" name="com.fleapo.conduit.Test.RegisterSingleUserTest" time="0.000" errors="0" timestamp="2025-12-02T11:29:59 IST" skipped="1">
  <testcase classname="com.fleapo.conduit.Test.RegisterSingleUserTest" name="registerSingleUserUsingDataProvider" time="0.000">
    <skipped/>
  </testcase> <!-- registerSingleUserUsingDataProvider -->
</testsuite> <!-- com.fleapo.conduit.Test.RegisterSingleUserTest -->
