<?xml version="1.0" encoding="UTF-8"?>
<!-- Generated by org.testng.reporters.JUnitReportReporter -->
<testsuite hostname="SATYAPC" failures="0" tests="3" name="com.fleapo.conduit.Test.RegisterUsersFromExcelTest" time="30.880" errors="0" timestamp="2025-12-01T15:08:14 IST" skipped="0">
  <testcase classname="com.fleapo.conduit.Test.RegisterUsersFromExcelTest" name="registerUsersUsingExcel" time="11.133"/>
  <testcase classname="com.fleapo.conduit.Test.RegisterUsersFromExcelTest" name="registerUsersUsingExcel" time="10.045"/>
  <testcase classname="com.fleapo.conduit.Test.RegisterUsersFromExcelTest" name="registerUsersUsingExcel" time="9.702"/>
</testsuite> <!-- com.fleapo.conduit.Test.RegisterUsersFromExcelTest -->
