<?xml version="1.0" encoding="UTF-8"?>
<!-- Generated by org.testng.reporters.JUnitReportReporter -->
<testsuite hostname="SATYAPC" failures="0" tests="3" name="com.fleapo.conduit.Test.LoginUsersFromExcelTest" time="0.000" errors="0" timestamp="2025-12-02T11:29:59 IST" skipped="3">
  <testcase classname="com.fleapo.conduit.Test.LoginUsersFromExcelTest" name="loginFlowTest" time="0.000">
    <skipped/>
  </testcase> <!-- loginFlowTest -->
  <testcase classname="com.fleapo.conduit.Test.LoginUsersFromExcelTest" name="loginFlowTest" time="0.000">
    <skipped/>
  </testcase> <!-- loginFlowTest -->
  <testcase classname="com.fleapo.conduit.Test.LoginUsersFromExcelTest" name="loginFlowTest" time="0.000">
    <skipped/>
  </testcase> <!-- loginFlowTest -->
</testsuite> <!-- com.fleapo.conduit.Test.LoginUsersFromExcelTest -->
