<?xml version="1.0" encoding="UTF-8"?>
<!-- Generated by org.testng.reporters.JUnitReportReporter -->
<testsuite hostname="SATYAPC" failures="0" tests="3" name="com.fleapo.conduit.Test.LoginUsersFromExcelTest" time="30.906" errors="0" timestamp="2025-12-02T12:00:10 IST" skipped="0">
  <testcase classname="com.fleapo.conduit.Test.LoginUsersFromExcelTest" name="loginFlowTest" time="9.688"/>
  <testcase classname="com.fleapo.conduit.Test.LoginUsersFromExcelTest" name="loginFlowTest" time="10.563"/>
  <testcase classname="com.fleapo.conduit.Test.LoginUsersFromExcelTest" name="loginFlowTest" time="10.655"/>
</testsuite> <!-- com.fleapo.conduit.Test.LoginUsersFromExcelTest -->
